<?xml version="1.0" encoding="UTF-8"?>
<testsuite name="Scenario: Scenario1: Adding products to the cart without login" tests="2" skipped="0" failures="2" errors="0" timestamp="2019-09-29T16:18:58" hostname="BABUR" time="0.003">
  <properties/>
  <testcase name="When adding products to the cart without login" classname="Scenario: Scenario1: Adding products to the cart without login" time="0.002">
    <failure message="java.lang.NullPointerException" type="java.lang.NullPointerException">java.lang.NullPointerException
	at org.openqa.selenium.remote.RemoteWebElement.isDisplayed(RemoteWebElement.java:329)
	at org.openqa.selenium.support.ui.ExpectedConditions.elementIfVisible(ExpectedConditions.java:314)
	at org.openqa.selenium.support.ui.ExpectedConditions.access$000(ExpectedConditions.java:43)
	at org.openqa.selenium.support.ui.ExpectedConditions$10.apply(ExpectedConditions.java:300)
	at org.openqa.selenium.support.ui.ExpectedConditions$10.apply(ExpectedConditions.java:297)
	at org.openqa.selenium.support.ui.FluentWait.until(FluentWait.java:249)
	at scenarios.AddingProductsToBasketWithoutLogin.addingProductsToTheCartWithoutLogin(AddingProductsToBasketWithoutLogin.java:35)
	at ✽.When adding products to the cart without login(src/test/java/feature/Parallel2.feature:4)
</failure>
  </testcase>
  <testcase name="classMethod" classname="Scenario: Scenario1: Adding products to the cart without login" time="7.584">
    <failure message="java.lang.NullPointerException" type="java.lang.NullPointerException">java.lang.NullPointerException
	at org.openqa.selenium.remote.RemoteWebElement.isDisplayed(RemoteWebElement.java:329)
	at org.openqa.selenium.support.ui.ExpectedConditions.elementIfVisible(ExpectedConditions.java:314)
	at org.openqa.selenium.support.ui.ExpectedConditions.access$000(ExpectedConditions.java:43)
	at org.openqa.selenium.support.ui.ExpectedConditions$10.apply(ExpectedConditions.java:300)
	at org.openqa.selenium.support.ui.ExpectedConditions$10.apply(ExpectedConditions.java:297)
	at org.openqa.selenium.support.ui.FluentWait.until(FluentWait.java:249)
	at scenarios.AddingProductsToBasketWithoutLogin.addingProductsToTheCartWithoutLogin(AddingProductsToBasketWithoutLogin.java:35)
	at ✽.When adding products to the cart without login(src/test/java/feature/Parallel2.feature:4)
</failure>
  </testcase>
  <system-out><![CDATA[]]></system-out>
  <system-err><![CDATA[[Test worker] INFO io.github.bonigarcia.wdm.WebDriverManager - Using chromedriver 77.0.3865.40 (since Google Chrome 77 is installed in your machine)
[Test worker] INFO io.github.bonigarcia.wdm.WebDriverManager - Exporting webdriver.chrome.driver as C:\Users\ahmet\.m2\repository\webdriver\chromedriver\win32\77.0.3865.40\chromedriver.exe
Starting ChromeDriver 77.0.3865.40 (f484704e052e0b556f8030b65b953dce96503217-refs/branch-heads/3865@{#442}) on port 1793
Only local connections are allowed.
Please protect ports used by ChromeDriver and related test frameworks to prevent access by malicious code.
Sep 29, 2019 7:18:53 PM org.openqa.selenium.remote.ProtocolHandshake createSession
INFO: Detected dialect: W3C
]]></system-err>
</testsuite>
